20/01/2021 15:47:34 Store update, insert, or delete statement affected an unexpected number of rows (0). Entities may have been modified or deleted since entities were loaded. See http://go.microsoft.com/fwlink/?LinkId=472540 for information on understanding and handling optimistic concurrency exceptions.
EntityFramework
   at System.Data.Entity.Internal.InternalContext.SaveChanges()
   at System.Data.Entity.Internal.LazyInternalContext.SaveChanges()
   at System.Data.Entity.DbContext.SaveChanges()
   at FDI.DA.DNUserDA.Save() in E:\CSharp\ASP.NET CORE\IG4\IG4\FDI.DA\DA\DNUserDA.cs:line 665
   at FDI.MvcAPI.Controllers.DNUserController.AddModuleUser(String key, String listInt, Guid userId) in E:\CSharp\ASP.NET CORE\IG4\IG4\FDI.MvcAPI\Controllers\UserInRoles\DNUserController.cs:line 381
Int32 SaveChanges()
System.Data.Entity.Core.OptimisticConcurrencyException: Store update, insert, or delete statement affected an unexpected number of rows (0). Entities may have been modified or deleted since entities were loaded. See http://go.microsoft.com/fwlink/?LinkId=472540 for information on understanding and handling optimistic concurrency exceptions.
   at System.Data.Entity.Core.Mapping.Update.Internal.UpdateTranslator.ValidateRowsAffected(Int64 rowsAffected, UpdateCommand source)
   at System.Data.Entity.Core.Mapping.Update.Internal.UpdateTranslator.Update()
   at System.Data.Entity.Core.EntityClient.Internal.EntityAdapter.<>c.<Update>b__21_0(UpdateTranslator ut)
   at System.Data.Entity.Core.EntityClient.Internal.EntityAdapter.Update[T](T noChangesResult, Func`2 updateFunction)
   at System.Data.Entity.Core.EntityClient.Internal.EntityAdapter.Update()
   at System.Data.Entity.Core.Objects.ObjectContext.<SaveChangesToStore>b__153_0()
   at System.Data.Entity.Core.Objects.ObjectContext.ExecuteInTransaction[T](Func`1 func, IDbExecutionStrategy executionStrategy, Boolean startLocalTransaction, Boolean releaseConnectionOnSuccess)
   at System.Data.Entity.Core.Objects.ObjectContext.SaveChangesToStore(SaveOptions options, IDbExecutionStrategy executionStrategy, Boolean startLocalTransaction)
   at System.Data.Entity.Core.Objects.ObjectContext.<>c__DisplayClass148_0.<SaveChangesInternal>b__0()
   at System.Data.Entity.SqlServer.DefaultSqlExecutionStrategy.Execute[TResult](Func`1 operation)
   at System.Data.Entity.Core.Objects.ObjectContext.SaveChangesInternal(SaveOptions options, Boolean executeInExistingTransaction)
   at System.Data.Entity.Core.Objects.ObjectContext.SaveChanges(SaveOptions options)
   at System.Data.Entity.Internal.InternalContext.SaveChanges()
20/01/2021 15:47:34 Store update, insert, or delete statement affected an unexpected number of rows (0). Entities may have been modified or deleted since entities were loaded. See http://go.microsoft.com/fwlink/?LinkId=472540 for information on understanding and handling optimistic concurrency exceptions.
EntityFramework
   at System.Data.Entity.Internal.InternalContext.SaveChanges()
   at System.Data.Entity.Internal.LazyInternalContext.SaveChanges()
   at System.Data.Entity.DbContext.SaveChanges()
   at FDI.DA.DNUserDA.Save() in E:\CSharp\ASP.NET CORE\IG4\IG4\FDI.DA\DA\DNUserDA.cs:line 665
   at FDI.MvcAPI.Controllers.DNUserController.AddModuleUser(String key, String listInt, Guid userId) in E:\CSharp\ASP.NET CORE\IG4\IG4\FDI.MvcAPI\Controllers\UserInRoles\DNUserController.cs:line 381
Int32 SaveChanges()
System.Data.Entity.Core.OptimisticConcurrencyException: Store update, insert, or delete statement affected an unexpected number of rows (0). Entities may have been modified or deleted since entities were loaded. See http://go.microsoft.com/fwlink/?LinkId=472540 for information on understanding and handling optimistic concurrency exceptions.
   at System.Data.Entity.Core.Mapping.Update.Internal.UpdateTranslator.ValidateRowsAffected(Int64 rowsAffected, UpdateCommand source)
   at System.Data.Entity.Core.Mapping.Update.Internal.UpdateTranslator.Update()
   at System.Data.Entity.Core.EntityClient.Internal.EntityAdapter.<>c.<Update>b__21_0(UpdateTranslator ut)
   at System.Data.Entity.Core.EntityClient.Internal.EntityAdapter.Update[T](T noChangesResult, Func`2 updateFunction)
   at System.Data.Entity.Core.EntityClient.Internal.EntityAdapter.Update()
   at System.Data.Entity.Core.Objects.ObjectContext.<SaveChangesToStore>b__153_0()
   at System.Data.Entity.Core.Objects.ObjectContext.ExecuteInTransaction[T](Func`1 func, IDbExecutionStrategy executionStrategy, Boolean startLocalTransaction, Boolean releaseConnectionOnSuccess)
   at System.Data.Entity.Core.Objects.ObjectContext.SaveChangesToStore(SaveOptions options, IDbExecutionStrategy executionStrategy, Boolean startLocalTransaction)
   at System.Data.Entity.Core.Objects.ObjectContext.<>c__DisplayClass148_0.<SaveChangesInternal>b__0()
   at System.Data.Entity.SqlServer.DefaultSqlExecutionStrategy.Execute[TResult](Func`1 operation)
   at System.Data.Entity.Core.Objects.ObjectContext.SaveChangesInternal(SaveOptions options, Boolean executeInExistingTransaction)
   at System.Data.Entity.Core.Objects.ObjectContext.SaveChanges(SaveOptions options)
   at System.Data.Entity.Internal.InternalContext.SaveChanges()
20/01/2021 15:47:34 Store update, insert, or delete statement affected an unexpected number of rows (0). Entities may have been modified or deleted since entities were loaded. See http://go.microsoft.com/fwlink/?LinkId=472540 for information on understanding and handling optimistic concurrency exceptions.
EntityFramework
   at System.Data.Entity.Internal.InternalContext.SaveChanges()
   at System.Data.Entity.Internal.LazyInternalContext.SaveChanges()
   at System.Data.Entity.DbContext.SaveChanges()
   at FDI.DA.DNUserDA.Save() in E:\CSharp\ASP.NET CORE\IG4\IG4\FDI.DA\DA\DNUserDA.cs:line 665
   at FDI.MvcAPI.Controllers.DNUserController.AddModuleUser(String key, String listInt, Guid userId) in E:\CSharp\ASP.NET CORE\IG4\IG4\FDI.MvcAPI\Controllers\UserInRoles\DNUserController.cs:line 381
Int32 SaveChanges()
System.Data.Entity.Core.OptimisticConcurrencyException: Store update, insert, or delete statement affected an unexpected number of rows (0). Entities may have been modified or deleted since entities were loaded. See http://go.microsoft.com/fwlink/?LinkId=472540 for information on understanding and handling optimistic concurrency exceptions.
   at System.Data.Entity.Core.Mapping.Update.Internal.UpdateTranslator.ValidateRowsAffected(Int64 rowsAffected, UpdateCommand source)
   at System.Data.Entity.Core.Mapping.Update.Internal.UpdateTranslator.Update()
   at System.Data.Entity.Core.EntityClient.Internal.EntityAdapter.<>c.<Update>b__21_0(UpdateTranslator ut)
   at System.Data.Entity.Core.EntityClient.Internal.EntityAdapter.Update[T](T noChangesResult, Func`2 updateFunction)
   at System.Data.Entity.Core.EntityClient.Internal.EntityAdapter.Update()
   at System.Data.Entity.Core.Objects.ObjectContext.<SaveChangesToStore>b__153_0()
   at System.Data.Entity.Core.Objects.ObjectContext.ExecuteInTransaction[T](Func`1 func, IDbExecutionStrategy executionStrategy, Boolean startLocalTransaction, Boolean releaseConnectionOnSuccess)
   at System.Data.Entity.Core.Objects.ObjectContext.SaveChangesToStore(SaveOptions options, IDbExecutionStrategy executionStrategy, Boolean startLocalTransaction)
   at System.Data.Entity.Core.Objects.ObjectContext.<>c__DisplayClass148_0.<SaveChangesInternal>b__0()
   at System.Data.Entity.SqlServer.DefaultSqlExecutionStrategy.Execute[TResult](Func`1 operation)
   at System.Data.Entity.Core.Objects.ObjectContext.SaveChangesInternal(SaveOptions options, Boolean executeInExistingTransaction)
   at System.Data.Entity.Core.Objects.ObjectContext.SaveChanges(SaveOptions options)
   at System.Data.Entity.Internal.InternalContext.SaveChanges()
20/01/2021 15:47:34 Store update, insert, or delete statement affected an unexpected number of rows (0). Entities may have been modified or deleted since entities were loaded. See http://go.microsoft.com/fwlink/?LinkId=472540 for information on understanding and handling optimistic concurrency exceptions.
EntityFramework
   at System.Data.Entity.Internal.InternalContext.SaveChanges()
   at System.Data.Entity.Internal.LazyInternalContext.SaveChanges()
   at System.Data.Entity.DbContext.SaveChanges()
   at FDI.DA.DNUserDA.Save() in E:\CSharp\ASP.NET CORE\IG4\IG4\FDI.DA\DA\DNUserDA.cs:line 665
   at FDI.MvcAPI.Controllers.DNUserController.AddModuleUser(String key, String listInt, Guid userId) in E:\CSharp\ASP.NET CORE\IG4\IG4\FDI.MvcAPI\Controllers\UserInRoles\DNUserController.cs:line 381
Int32 SaveChanges()
System.Data.Entity.Core.OptimisticConcurrencyException: Store update, insert, or delete statement affected an unexpected number of rows (0). Entities may have been modified or deleted since entities were loaded. See http://go.microsoft.com/fwlink/?LinkId=472540 for information on understanding and handling optimistic concurrency exceptions.
   at System.Data.Entity.Core.Mapping.Update.Internal.UpdateTranslator.ValidateRowsAffected(Int64 rowsAffected, UpdateCommand source)
   at System.Data.Entity.Core.Mapping.Update.Internal.UpdateTranslator.Update()
   at System.Data.Entity.Core.EntityClient.Internal.EntityAdapter.<>c.<Update>b__21_0(UpdateTranslator ut)
   at System.Data.Entity.Core.EntityClient.Internal.EntityAdapter.Update[T](T noChangesResult, Func`2 updateFunction)
   at System.Data.Entity.Core.EntityClient.Internal.EntityAdapter.Update()
   at System.Data.Entity.Core.Objects.ObjectContext.<SaveChangesToStore>b__153_0()
   at System.Data.Entity.Core.Objects.ObjectContext.ExecuteInTransaction[T](Func`1 func, IDbExecutionStrategy executionStrategy, Boolean startLocalTransaction, Boolean releaseConnectionOnSuccess)
   at System.Data.Entity.Core.Objects.ObjectContext.SaveChangesToStore(SaveOptions options, IDbExecutionStrategy executionStrategy, Boolean startLocalTransaction)
   at System.Data.Entity.Core.Objects.ObjectContext.<>c__DisplayClass148_0.<SaveChangesInternal>b__0()
   at System.Data.Entity.SqlServer.DefaultSqlExecutionStrategy.Execute[TResult](Func`1 operation)
   at System.Data.Entity.Core.Objects.ObjectContext.SaveChangesInternal(SaveOptions options, Boolean executeInExistingTransaction)
   at System.Data.Entity.Core.Objects.ObjectContext.SaveChanges(SaveOptions options)
   at System.Data.Entity.Internal.InternalContext.SaveChanges()
20/01/2021 15:47:34 Store update, insert, or delete statement affected an unexpected number of rows (0). Entities may have been modified or deleted since entities were loaded. See http://go.microsoft.com/fwlink/?LinkId=472540 for information on understanding and handling optimistic concurrency exceptions.
EntityFramework
   at System.Data.Entity.Internal.InternalContext.SaveChanges()
   at System.Data.Entity.Internal.LazyInternalContext.SaveChanges()
   at System.Data.Entity.DbContext.SaveChanges()
   at FDI.DA.DNUserDA.Save() in E:\CSharp\ASP.NET CORE\IG4\IG4\FDI.DA\DA\DNUserDA.cs:line 665
   at FDI.MvcAPI.Controllers.DNUserController.AddModuleUser(String key, String listInt, Guid userId) in E:\CSharp\ASP.NET CORE\IG4\IG4\FDI.MvcAPI\Controllers\UserInRoles\DNUserController.cs:line 381
Int32 SaveChanges()
System.Data.Entity.Core.OptimisticConcurrencyException: Store update, insert, or delete statement affected an unexpected number of rows (0). Entities may have been modified or deleted since entities were loaded. See http://go.microsoft.com/fwlink/?LinkId=472540 for information on understanding and handling optimistic concurrency exceptions.
   at System.Data.Entity.Core.Mapping.Update.Internal.UpdateTranslator.ValidateRowsAffected(Int64 rowsAffected, UpdateCommand source)
   at System.Data.Entity.Core.Mapping.Update.Internal.UpdateTranslator.Update()
   at System.Data.Entity.Core.EntityClient.Internal.EntityAdapter.<>c.<Update>b__21_0(UpdateTranslator ut)
   at System.Data.Entity.Core.EntityClient.Internal.EntityAdapter.Update[T](T noChangesResult, Func`2 updateFunction)
   at System.Data.Entity.Core.EntityClient.Internal.EntityAdapter.Update()
   at System.Data.Entity.Core.Objects.ObjectContext.<SaveChangesToStore>b__153_0()
   at System.Data.Entity.Core.Objects.ObjectContext.ExecuteInTransaction[T](Func`1 func, IDbExecutionStrategy executionStrategy, Boolean startLocalTransaction, Boolean releaseConnectionOnSuccess)
   at System.Data.Entity.Core.Objects.ObjectContext.SaveChangesToStore(SaveOptions options, IDbExecutionStrategy executionStrategy, Boolean startLocalTransaction)
   at System.Data.Entity.Core.Objects.ObjectContext.<>c__DisplayClass148_0.<SaveChangesInternal>b__0()
   at System.Data.Entity.SqlServer.DefaultSqlExecutionStrategy.Execute[TResult](Func`1 operation)
   at System.Data.Entity.Core.Objects.ObjectContext.SaveChangesInternal(SaveOptions options, Boolean executeInExistingTransaction)
   at System.Data.Entity.Core.Objects.ObjectContext.SaveChanges(SaveOptions options)
   at System.Data.Entity.Internal.InternalContext.SaveChanges()
25/01/2021 09:15:36 Collection was modified; enumeration operation may not execute.
System.Core
   at System.Collections.Generic.HashSet`1.Enumerator.MoveNext()
   at System.Data.Entity.Core.Objects.EntityEntry.TakeSnapshotOfRelationships()
   at System.Data.Entity.Core.Objects.Internal.EntityWrapperWithoutRelationships`1.TakeSnapshotOfRelationships(EntityEntry entry)
   at System.Data.Entity.Core.Objects.ObjectContext.AddSingleObject(EntitySet entitySet, IEntityWrapper wrappedEntity, String argumentName)
   at System.Data.Entity.Core.Objects.ObjectContext.AddObject(String entitySetName, Object entity)
   at System.Data.Entity.Internal.Linq.InternalSet`1.<>c__DisplayClass17_0.<Add>b__0()
   at System.Data.Entity.Internal.Linq.InternalSet`1.ActOnSet(Action action, EntityState newState, Object entity, String methodName)
   at System.Data.Entity.Internal.Linq.InternalSet`1.Add(Object entity)
   at System.Data.Entity.DbSet`1.Add(TEntity entity)
   at FDI.DA.ShopProductDetailDA.Add(Shop_Product_Detail shopProductDetail) in E:\CSharp\ASP.NET CORE\IG4\IG4\FDI.DA\DA\ShopProductDetailDA.cs:line 574
   at FDI.MvcAPI.Controllers.ShopProductDetailController.Coppy(String key) in E:\CSharp\ASP.NET CORE\IG4\IG4\FDI.MvcAPI\Controllers\Product\ShopProductDetailController.cs:line 318
Boolean MoveNext()

25/01/2021 09:17:15 Collection was modified; enumeration operation may not execute.
System.Core
   at System.Collections.Generic.HashSet`1.Enumerator.MoveNext()
   at System.Data.Entity.Core.Objects.EntityEntry.TakeSnapshotOfRelationships()
   at System.Data.Entity.Core.Objects.Internal.EntityWrapperWithoutRelationships`1.TakeSnapshotOfRelationships(EntityEntry entry)
   at System.Data.Entity.Core.Objects.ObjectContext.AddSingleObject(EntitySet entitySet, IEntityWrapper wrappedEntity, String argumentName)
   at System.Data.Entity.Core.Objects.ObjectContext.AddObject(String entitySetName, Object entity)
   at System.Data.Entity.Internal.Linq.InternalSet`1.<>c__DisplayClass17_0.<Add>b__0()
   at System.Data.Entity.Internal.Linq.InternalSet`1.ActOnSet(Action action, EntityState newState, Object entity, String methodName)
   at System.Data.Entity.Internal.Linq.InternalSet`1.Add(Object entity)
   at System.Data.Entity.DbSet`1.Add(TEntity entity)
   at FDI.DA.ShopProductDetailDA.Add(Shop_Product_Detail shopProductDetail) in E:\CSharp\ASP.NET CORE\IG4\IG4\FDI.DA\DA\ShopProductDetailDA.cs:line 574
   at FDI.MvcAPI.Controllers.ShopProductDetailController.Coppy(String key) in E:\CSharp\ASP.NET CORE\IG4\IG4\FDI.MvcAPI\Controllers\Product\ShopProductDetailController.cs:line 318
Boolean MoveNext()

25/01/2021 09:17:30 Collection was modified; enumeration operation may not execute.
System.Core
   at System.Collections.Generic.HashSet`1.Enumerator.MoveNext()
   at System.Data.Entity.Core.Objects.EntityEntry.TakeSnapshotOfRelationships()
   at System.Data.Entity.Core.Objects.Internal.EntityWrapperWithoutRelationships`1.TakeSnapshotOfRelationships(EntityEntry entry)
   at System.Data.Entity.Core.Objects.ObjectContext.AddSingleObject(EntitySet entitySet, IEntityWrapper wrappedEntity, String argumentName)
   at System.Data.Entity.Core.Objects.ObjectContext.AddObject(String entitySetName, Object entity)
   at System.Data.Entity.Internal.Linq.InternalSet`1.<>c__DisplayClass17_0.<Add>b__0()
   at System.Data.Entity.Internal.Linq.InternalSet`1.ActOnSet(Action action, EntityState newState, Object entity, String methodName)
   at System.Data.Entity.Internal.Linq.InternalSet`1.Add(Object entity)
   at System.Data.Entity.DbSet`1.Add(TEntity entity)
   at FDI.DA.ShopProductDetailDA.Add(Shop_Product_Detail shopProductDetail) in E:\CSharp\ASP.NET CORE\IG4\IG4\FDI.DA\DA\ShopProductDetailDA.cs:line 574
   at FDI.MvcAPI.Controllers.ShopProductDetailController.Coppy(String key) in E:\CSharp\ASP.NET CORE\IG4\IG4\FDI.MvcAPI\Controllers\Product\ShopProductDetailController.cs:line 318
Boolean MoveNext()

01/02/2021 16:00:32 Input string was not in a correct format.
mscorlib
   at System.Number.StringToNumber(String str, NumberStyles options, NumberBuffer& number, NumberFormatInfo info, Boolean parseDecimal)
   at System.Number.ParseDecimal(String value, NumberStyles options, NumberFormatInfo numfmt)
   at System.Decimal.Parse(String s)
   at FDI.MvcAPI.Controllers.ShopProductDetailController.Addproduct(String key, String json) in E:\CSharp\ASP.NET CORE\IG4\IG4\FDI.MvcAPI\Controllers\Product\ShopProductDetailController.cs:line 411
Void StringToNumber(System.String, System.Globalization.NumberStyles, NumberBuffer ByRef, System.Globalization.NumberFormatInfo, Boolean)

01/02/2021 17:26:43 Input string was not in a correct format.
mscorlib
   at System.Number.StringToNumber(String str, NumberStyles options, NumberBuffer& number, NumberFormatInfo info, Boolean parseDecimal)
   at System.Number.ParseInt32(String s, NumberStyles style, NumberFormatInfo info)
   at System.Int32.Parse(String s)
   at FDI.MvcAPI.Controllers.ShopProductDetailController.Addproduct(String key, String json) in E:\CSharp\ASP.NET CORE\IG4\IG4\FDI.MvcAPI\Controllers\Product\ShopProductDetailController.cs:line 414
Void StringToNumber(System.String, System.Globalization.NumberStyles, NumberBuffer ByRef, System.Globalization.NumberFormatInfo, Boolean)

